Using pre-set license
Built from '2020.3/staging' branch; Version is '2020.3.0f1 (c7b5465681fb) revision 13088070'; Using compiler version '192528614'; Build Type 'Release'
OS: 'Windows 10 Pro; OS build 18363.1440; Version 1909; 64bit' Language: 'en' Physical Memory: 32683 MB
BatchMode: 1, IsHumanControllingUs: 0, StartBugReporterOnCrash: 0, Is64bit: 1, IsPro: 0

 COMMAND LINE ARGUMENTS:
D:\Unity\2020.3.0f1\Editor\Unity.exe
-adb2
-batchMode
-noUpm
-name
AssetImportWorker0
-projectPath
D:/Git/Test - Copy/ProjectFiles/New Unity Project
-logFile
Logs/AssetImportWorker0.log
-srvPort
59274
Successfully changed project path to: D:/Git/Test - Copy/ProjectFiles/New Unity Project
D:/Git/Test - Copy/ProjectFiles/New Unity Project
Using Asset Import Pipeline V2.
Refreshing native plugins compatible for Editor in 47.44 ms, found 0 plugins.
Preloading 0 native plugins for Editor in 0.00 ms.
Initialize engine version: 2020.3.0f1 (c7b5465681fb)
[Subsystems] Discovering subsystems at path D:/Unity/2020.3.0f1/Editor/Data/Resources/UnitySubsystems
[Subsystems] Discovering subsystems at path D:/Git/Test - Copy/ProjectFiles/New Unity Project/Assets
GfxDevice: creating device client; threaded=0
Direct3D:
    Version:  Direct3D 11.0 [level 11.1]
    Renderer: NVIDIA GeForce RTX 3080 (ID=0x2206)
    Vendor:   
    VRAM:     10077 MB
    Driver:   27.21.14.6089
Initialize mono
Mono path[0] = 'D:/Unity/2020.3.0f1/Editor/Data/Managed'
Mono path[1] = 'D:/Unity/2020.3.0f1/Editor/Data/MonoBleedingEdge/lib/mono/unityjit'
Mono config path = 'D:/Unity/2020.3.0f1/Editor/Data/MonoBleedingEdge/etc'
Using monoOptions --debugger-agent=transport=dt_socket,embedding=1,server=y,suspend=n,address=127.0.0.1:56288
Begin MonoManager ReloadAssembly
Registering precompiled unity dll's ...
Register platform support module: D:/Unity/2020.3.0f1/Editor/Data/PlaybackEngines/WindowsStandaloneSupport/UnityEditor.WindowsStandalone.Extensions.dll
Registered in 0.001066 seconds.
Native extension for WindowsStandalone target not found
Refreshing native plugins compatible for Editor in 49.61 ms, found 0 plugins.
Preloading 0 native plugins for Editor in 0.00 ms.
Invoked RoslynAnalysisRunner static constructor.
RoslynAnalysisRunner will not be running.
RoslynAnalysisRunner has terminated.
Mono: successfully reloaded assembly
- Completed reload, in  1.236 seconds
Platform modules already initialized, skipping
Registering precompiled user dll's ...
Registered in 0.001803 seconds.
Begin MonoManager ReloadAssembly
Native extension for WindowsStandalone target not found
Refreshing native plugins compatible for Editor in 0.61 ms, found 0 plugins.
Preloading 0 native plugins for Editor in 0.00 ms.
Invoked RoslynAnalysisRunner static constructor.
RoslynAnalysisRunner will not be running.
RoslynAnalysisRunner has terminated.
Mono: successfully reloaded assembly
- Completed reload, in  0.707 seconds
Platform modules already initialized, skipping
========================================================================
Worker process is ready to serve import requests
Launched and connected shader compiler UnityShaderCompiler.exe after 0.03 seconds
Refreshing native plugins compatible for Editor in 0.58 ms, found 0 plugins.
Preloading 0 native plugins for Editor in 0.00 ms.
Unloading 1567 Unused Serialized files (Serialized files now loaded: 0)
System memory in use before: 80.0 MB.
System memory in use after: 80.1 MB.

Unloading 19 unused Assets to reduce memory usage. Loaded Objects now: 2092.
Total: 1.655400 ms (FindLiveObjects: 0.143200 ms CreateObjectMapping: 0.045700 ms MarkObjects: 1.410900 ms  DeleteObjects: 0.054800 ms)

========================================================================
Received Import Request.
  path: Assets/2D Hand Painted - Dungeon Tileset/Tilemaps/DungeonColor2@128x128.png
  artifactKey: Guid(4dcdf751c09b1d6459c777af3fadb9f2) Importer(815301076,1909f56bfc062723c751e8b465ee728b)
Start importing Assets/2D Hand Painted - Dungeon Tileset/Tilemaps/DungeonColor2@128x128.png using Guid(4dcdf751c09b1d6459c777af3fadb9f2) Importer(815301076,1909f56bfc062723c751e8b465ee728b)  -> (artifact id: 'c5b2930687574b85da5bc68ba89c77d9') in 0.658338 seconds
  Import took 0.664375 seconds .

========================================================================
Received Import Request.
  Time since last request: 0.000816 seconds.
  path: Assets/2D Hand Painted - Dungeon Tileset/Tilemaps/DungeonColor3@64x64.png
  artifactKey: Guid(5d0dccea50910c540b282bca73fad39b) Importer(815301076,1909f56bfc062723c751e8b465ee728b)
Start importing Assets/2D Hand Painted - Dungeon Tileset/Tilemaps/DungeonColor3@64x64.png using Guid(5d0dccea50910c540b282bca73fad39b) Importer(815301076,1909f56bfc062723c751e8b465ee728b)  -> (artifact id: 'c28856fa098ccd239584a778ffa2afbb') in 0.332734 seconds
  Import took 0.336997 seconds .

========================================================================
Received Import Request.
  Time since last request: 0.000293 seconds.
  path: Assets/2D Hand Painted - Dungeon Tileset/Tilemaps/Dungeon@128x128.png
  artifactKey: Guid(54e05f0b4090cda49ad32fec113291c9) Importer(815301076,1909f56bfc062723c751e8b465ee728b)
Start importing Assets/2D Hand Painted - Dungeon Tileset/Tilemaps/Dungeon@128x128.png using Guid(54e05f0b4090cda49ad32fec113291c9) Importer(815301076,1909f56bfc062723c751e8b465ee728b)  -> (artifact id: '89169241233a163803299d717f75c7c4') in 0.523360 seconds
  Import took 0.528160 seconds .

========================================================================
Received Import Request.
  Time since last request: 0.000640 seconds.
  path: Assets/2D Hand Painted - Dungeon Tileset/Tilemaps/DungeonColor3@128x128.png
  artifactKey: Guid(1f100ae964ed2134a836a40ce33c05a0) Importer(815301076,1909f56bfc062723c751e8b465ee728b)
Start importing Assets/2D Hand Painted - Dungeon Tileset/Tilemaps/DungeonColor3@128x128.png using Guid(1f100ae964ed2134a836a40ce33c05a0) Importer(815301076,1909f56bfc062723c751e8b465ee728b)  -> (artifact id: 'f0e27667793533c294834438a578601c') in 0.530291 seconds
  Import took 0.535749 seconds .

========================================================================
Received Import Request.
  Time since last request: 0.000330 seconds.
  path: Assets/2D Hand Painted - Dungeon Tileset/Tilemaps/Flame@64x64.png
  artifactKey: Guid(7501fe79ff0153540a6046b7e4c5a3b6) Importer(815301076,1909f56bfc062723c751e8b465ee728b)
Start importing Assets/2D Hand Painted - Dungeon Tileset/Tilemaps/Flame@64x64.png using Guid(7501fe79ff0153540a6046b7e4c5a3b6) Importer(815301076,1909f56bfc062723c751e8b465ee728b)  -> (artifact id: '9d0445193da8ea1e384fe027603fc1f8') in 0.013943 seconds
  Import took 0.017678 seconds .

========================================================================
Received Import Request.
  Time since last request: 0.000764 seconds.
  path: Assets/2D Hand Painted - Dungeon Tileset/PSD/Painterly Tileset Dungeon.psd
  artifactKey: Guid(1fdb394291e5a004988012d054e61a2f) Importer(815301076,1909f56bfc062723c751e8b465ee728b)
Start importing Assets/2D Hand Painted - Dungeon Tileset/PSD/Painterly Tileset Dungeon.psd using Guid(1fdb394291e5a004988012d054e61a2f) Importer(815301076,1909f56bfc062723c751e8b465ee728b)  -> (artifact id: '630b197e5811a408f61275a4838e677c') in 0.024394 seconds
  Import took 0.028254 seconds .

========================================================================
Received Import Request.
  Time since last request: 0.000301 seconds.
  path: Assets/2D Hand Painted - Dungeon Tileset/Tilemaps/DungeonColor2@64x64.png
  artifactKey: Guid(efdc33d7bae519449990ea72199812c2) Importer(815301076,1909f56bfc062723c751e8b465ee728b)
Start importing Assets/2D Hand Painted - Dungeon Tileset/Tilemaps/DungeonColor2@64x64.png using Guid(efdc33d7bae519449990ea72199812c2) Importer(815301076,1909f56bfc062723c751e8b465ee728b)  -> (artifact id: 'b265fcb47a8f4ee5f53f39e8525f41c9') in 0.349106 seconds
  Import took 0.353618 seconds .

========================================================================
Received Import Request.
  Time since last request: 0.000741 seconds.
  path: Assets/2D Hand Painted - Dungeon Tileset/Tilemaps/Flame@128x128.png
  artifactKey: Guid(dfc11891530e9be43b998555296cf145) Importer(815301076,1909f56bfc062723c751e8b465ee728b)
Start importing Assets/2D Hand Painted - Dungeon Tileset/Tilemaps/Flame@128x128.png using Guid(dfc11891530e9be43b998555296cf145) Importer(815301076,1909f56bfc062723c751e8b465ee728b)  -> (artifact id: 'e553fbeb6b577b07beb2f12f05f0ddc9') in 0.032237 seconds
  Import took 0.035988 seconds .

========================================================================
Received Import Request.
  Time since last request: 0.000662 seconds.
  path: Assets/2D Hand Painted - Dungeon Tileset/Tilemaps/Dungeon@64x64.png
  artifactKey: Guid(f2b79cde9ec2df5418915866044e79bf) Importer(815301076,1909f56bfc062723c751e8b465ee728b)
Start importing Assets/2D Hand Painted - Dungeon Tileset/Tilemaps/Dungeon@64x64.png using Guid(f2b79cde9ec2df5418915866044e79bf) Importer(815301076,1909f56bfc062723c751e8b465ee728b)  -> (artifact id: 'f349f2f24343cbb4a97766cf0e49d939') in 0.327029 seconds
  Import took 0.331394 seconds .

========================================================================
Received Import Request.
  Time since last request: 0.000350 seconds.
  path: Assets/2D Hand Painted - Dungeon Tileset/Tilemaps/Shadows@128x128.png
  artifactKey: Guid(8d324a5cd605d164db5a42ee56f05b4c) Importer(815301076,1909f56bfc062723c751e8b465ee728b)
Start importing Assets/2D Hand Painted - Dungeon Tileset/Tilemaps/Shadows@128x128.png using Guid(8d324a5cd605d164db5a42ee56f05b4c) Importer(815301076,1909f56bfc062723c751e8b465ee728b)  -> (artifact id: 'db36ba5dbc4e381fc999a9ec801a7dfc') in 0.021059 seconds
  Import took 0.024353 seconds .

========================================================================
Received Import Request.
  Time since last request: 0.000624 seconds.
  path: Assets/2D Hand Painted - Dungeon Tileset/Tilemaps/Shadows@64x64.png
  artifactKey: Guid(eb7080421d4876e449a452f3483374c9) Importer(815301076,1909f56bfc062723c751e8b465ee728b)
Start importing Assets/2D Hand Painted - Dungeon Tileset/Tilemaps/Shadows@64x64.png using Guid(eb7080421d4876e449a452f3483374c9) Importer(815301076,1909f56bfc062723c751e8b465ee728b)  -> (artifact id: 'b41a30515be38539889fa9a53a004dd9') in 0.016214 seconds
  Import took 0.019819 seconds .

========================================================================
Received Import Request.
  Time since last request: 47.220087 seconds.
  path: Assets/Cainos/Pixel Art Top Down - Basic
  artifactKey: Guid(16e6903942d9bf94d9dd684620613d02) Importer(815301076,1909f56bfc062723c751e8b465ee728b)
Start importing Assets/Cainos/Pixel Art Top Down - Basic using Guid(16e6903942d9bf94d9dd684620613d02) Importer(815301076,1909f56bfc062723c751e8b465ee728b)  -> (artifact id: '7b20f9a8ecae54faeea990655815461d') in 0.001346 seconds
  Import took 0.004447 seconds .

========================================================================
Received Import Request.
  Time since last request: 2.053039 seconds.
  path: Assets/Cainos/Pixel Art Top Down - Basic/Script
  artifactKey: Guid(f6e0a8c45af61e8428adb6e8a025689c) Importer(815301076,1909f56bfc062723c751e8b465ee728b)
Start importing Assets/Cainos/Pixel Art Top Down - Basic/Script using Guid(f6e0a8c45af61e8428adb6e8a025689c) Importer(815301076,1909f56bfc062723c751e8b465ee728b)  -> (artifact id: '2aa3f3859f4ce98c5aa1e2048c8e4d6d') in 0.001810 seconds
  Import took 0.005242 seconds .

========================================================================
Received Import Request.
  Time since last request: 0.489800 seconds.
  path: Assets/Cainos/Pixel Art Top Down - Basic/Texture
  artifactKey: Guid(4628b48f29e242a459885334c8f8bf10) Importer(815301076,1909f56bfc062723c751e8b465ee728b)
Start importing Assets/Cainos/Pixel Art Top Down - Basic/Texture using Guid(4628b48f29e242a459885334c8f8bf10) Importer(815301076,1909f56bfc062723c751e8b465ee728b)  -> (artifact id: 'aed829c1f79443c689c4f3eb91ad21b9') in 0.001328 seconds
  Import took 0.004585 seconds .

========================================================================
Received Import Request.
  Time since last request: 0.067929 seconds.
  path: Assets/Cainos/Pixel Art Top Down - Basic/Texture/TX Plant.png
  artifactKey: Guid(c3a40e1c46727b94e959990527f8e7fa) Importer(815301076,1909f56bfc062723c751e8b465ee728b)
Start importing Assets/Cainos/Pixel Art Top Down - Basic/Texture/TX Plant.png using Guid(c3a40e1c46727b94e959990527f8e7fa) Importer(815301076,1909f56bfc062723c751e8b465ee728b)  -> (artifact id: '5b9ccbac434b28a15d748bf41cc9cc86') in 0.043499 seconds
  Import took 0.047179 seconds .

========================================================================
Received Import Request.
  Time since last request: 0.000284 seconds.
  path: Assets/Cainos/Pixel Art Top Down - Basic/Texture/TX Struct.png
  artifactKey: Guid(dda6bbdb704d84847b38f9eced72bf59) Importer(815301076,1909f56bfc062723c751e8b465ee728b)
Start importing Assets/Cainos/Pixel Art Top Down - Basic/Texture/TX Struct.png using Guid(dda6bbdb704d84847b38f9eced72bf59) Importer(815301076,1909f56bfc062723c751e8b465ee728b)  -> (artifact id: 'b38f147a952045c27956e8491e60ad87') in 0.034507 seconds
  Import took 0.037659 seconds .

========================================================================
Received Import Request.
  Time since last request: 0.000702 seconds.
  path: Assets/Cainos/Pixel Art Top Down - Basic/Texture/TX Tileset Grass.png
  artifactKey: Guid(1c9ed9d1200c29d4cbfd2071028c1cd5) Importer(815301076,1909f56bfc062723c751e8b465ee728b)
Start importing Assets/Cainos/Pixel Art Top Down - Basic/Texture/TX Tileset Grass.png using Guid(1c9ed9d1200c29d4cbfd2071028c1cd5) Importer(815301076,1909f56bfc062723c751e8b465ee728b)  -> (artifact id: 'df3c62cd8df5aac80a662e0b677bd46d') in 0.058009 seconds
  Import took 0.061179 seconds .

========================================================================
Received Import Request.
  Time since last request: 0.000673 seconds.
  path: Assets/Cainos/Pixel Art Top Down - Basic/Texture/TX Tileset Stone Ground.png
  artifactKey: Guid(a07735877a3bd644094331b137b71878) Importer(815301076,1909f56bfc062723c751e8b465ee728b)
Start importing Assets/Cainos/Pixel Art Top Down - Basic/Texture/TX Tileset Stone Ground.png using Guid(a07735877a3bd644094331b137b71878) Importer(815301076,1909f56bfc062723c751e8b465ee728b)  -> (artifact id: '5bb622803a7d7adba376623c9024bf90') in 0.048516 seconds
  Import took 0.052208 seconds .

========================================================================
Received Import Request.
  Time since last request: 0.000765 seconds.
  path: Assets/Cainos/Pixel Art Top Down - Basic/Texture/TX Tileset Wall.png
  artifactKey: Guid(9f8f114589864b6489859a58fbb6baf9) Importer(815301076,1909f56bfc062723c751e8b465ee728b)
Start importing Assets/Cainos/Pixel Art Top Down - Basic/Texture/TX Tileset Wall.png using Guid(9f8f114589864b6489859a58fbb6baf9) Importer(815301076,1909f56bfc062723c751e8b465ee728b)  -> (artifact id: '798f4422eb194b95919fbb2d4bd07981') in 0.061438 seconds
  Import took 0.065016 seconds .

========================================================================
Received Import Request.
  Time since last request: 0.000257 seconds.
  path: Assets/Cainos/Pixel Art Top Down - Basic/Texture/TX Shadow Plant.png
  artifactKey: Guid(8501e10b1eafde34586080ba342fdc0e) Importer(815301076,1909f56bfc062723c751e8b465ee728b)
Start importing Assets/Cainos/Pixel Art Top Down - Basic/Texture/TX Shadow Plant.png using Guid(8501e10b1eafde34586080ba342fdc0e) Importer(815301076,1909f56bfc062723c751e8b465ee728b)  -> (artifact id: '7661217641f1260840133308c24b8875') in 0.020098 seconds
  Import took 0.023398 seconds .

========================================================================
Received Import Request.
  Time since last request: 0.000673 seconds.
  path: Assets/Cainos/Pixel Art Top Down - Basic/Texture/TX Player.png
  artifactKey: Guid(ec47f75fe8aff1644ac73998f4ad31b5) Importer(815301076,1909f56bfc062723c751e8b465ee728b)
Start importing Assets/Cainos/Pixel Art Top Down - Basic/Texture/TX Player.png using Guid(ec47f75fe8aff1644ac73998f4ad31b5) Importer(815301076,1909f56bfc062723c751e8b465ee728b)  -> (artifact id: '163c754053a6782960b4f7afde520ac9') in 0.013922 seconds
  Import took 0.017401 seconds .

========================================================================
Received Import Request.
  Time since last request: 0.000695 seconds.
  path: Assets/Cainos/Pixel Art Top Down - Basic/Texture/TX Shadow.png
  artifactKey: Guid(ed7554aeefd5da44a9fe1ee9b93afe77) Importer(815301076,1909f56bfc062723c751e8b465ee728b)
Start importing Assets/Cainos/Pixel Art Top Down - Basic/Texture/TX Shadow.png using Guid(ed7554aeefd5da44a9fe1ee9b93afe77) Importer(815301076,1909f56bfc062723c751e8b465ee728b)  -> (artifact id: '8cad6ab1075a7a5bd9a315ef1172fb02') in 0.061108 seconds
  Import took 0.064862 seconds .

========================================================================
Received Import Request.
  Time since last request: 0.000435 seconds.
  path: Assets/Cainos/Pixel Art Top Down - Basic/Texture/TX Props.png
  artifactKey: Guid(29c9cded5e558164aaf8c9bf08aa1510) Importer(815301076,1909f56bfc062723c751e8b465ee728b)
Start importing Assets/Cainos/Pixel Art Top Down - Basic/Texture/TX Props.png using Guid(29c9cded5e558164aaf8c9bf08aa1510) Importer(815301076,1909f56bfc062723c751e8b465ee728b)  -> (artifact id: '9b7151c990eac2f081f3e36a8fb90314') in 0.077975 seconds
  Import took 0.081760 seconds .

========================================================================
Received Import Request.
  Time since last request: 9.593749 seconds.
  path: Assets/Pipoya RPG Tileset 32x32/[Base]BaseChip_pipo.png
  artifactKey: Guid(d5a18a117f547394fa7d786dc36cc5a2) Importer(815301076,1909f56bfc062723c751e8b465ee728b)
Start importing Assets/Pipoya RPG Tileset 32x32/[Base]BaseChip_pipo.png using Guid(d5a18a117f547394fa7d786dc36cc5a2) Importer(815301076,1909f56bfc062723c751e8b465ee728b)  -> (artifact id: 'f1a2a3437498a7c080599bcdf6762157') in 0.006928 seconds
  Import took 0.010918 seconds .

========================================================================
Received Import Request.
  Time since last request: 0.000804 seconds.
  path: Assets/Pipoya RPG Tileset 32x32/LightShadow_pipo.png
  artifactKey: Guid(59206343611c1a64bb866df2e01623d3) Importer(815301076,1909f56bfc062723c751e8b465ee728b)
Start importing Assets/Pipoya RPG Tileset 32x32/LightShadow_pipo.png using Guid(59206343611c1a64bb866df2e01623d3) Importer(815301076,1909f56bfc062723c751e8b465ee728b)  -> (artifact id: '1e8d2b18ee08d5ab8e7fadf367372b65') in 0.006881 seconds
  Import took 0.010639 seconds .

========================================================================
Received Import Request.
  Time since last request: 5.001671 seconds.
  path: Assets/Textures/Black_Red_Yellow_Green.png
  artifactKey: Guid(35ac95307194ada459a96ec351cc9e65) Importer(815301076,1909f56bfc062723c751e8b465ee728b)
Start importing Assets/Textures/Black_Red_Yellow_Green.png using Guid(35ac95307194ada459a96ec351cc9e65) Importer(815301076,1909f56bfc062723c751e8b465ee728b)  -> (artifact id: 'cc1ce31ea9ee977b635bc5cb829b9dca') in 0.005792 seconds
  Import took 0.009284 seconds .

========================================================================
Received Import Request.
  Time since last request: 0.000302 seconds.
  path: Assets/Textures/New Material.mat
  artifactKey: Guid(7e8656c0c82e0be48b86d56a48481158) Importer(815301076,1909f56bfc062723c751e8b465ee728b)
Start importing Assets/Textures/New Material.mat using Guid(7e8656c0c82e0be48b86d56a48481158) Importer(815301076,1909f56bfc062723c751e8b465ee728b)  -> (artifact id: 'e30d43d23766df155e51dc5f241a3824') in 0.056029 seconds
  Import took 0.059912 seconds .

========================================================================
Received Import Request.
  Time since last request: 1.475188 seconds.
  path: Assets/Pipoya RPG Tileset 32x32/[A]_type3
  artifactKey: Guid(f5e797bbdf68527499a9b2965f68d123) Importer(815301076,1909f56bfc062723c751e8b465ee728b)
Start importing Assets/Pipoya RPG Tileset 32x32/[A]_type3 using Guid(f5e797bbdf68527499a9b2965f68d123) Importer(815301076,1909f56bfc062723c751e8b465ee728b)  -> (artifact id: '4c6942de8f056397604e81b433624b51') in 0.001797 seconds
  Import took 0.005455 seconds .

========================================================================
Received Import Request.
  Time since last request: 0.495678 seconds.
  path: Assets/Pipoya RPG Tileset 32x32/SampleMap
  artifactKey: Guid(ae5374f34e620634abdca45a95c7e923) Importer(815301076,1909f56bfc062723c751e8b465ee728b)
Start importing Assets/Pipoya RPG Tileset 32x32/SampleMap using Guid(ae5374f34e620634abdca45a95c7e923) Importer(815301076,1909f56bfc062723c751e8b465ee728b)  -> (artifact id: '7e863954bd85a8e4820f518e4b973af8') in 0.001483 seconds
  Import took 0.005129 seconds .

========================================================================
Received Import Request.
  Time since last request: 0.271489 seconds.
  path: Assets/Pipoya RPG Tileset 32x32/SampleMap/[A]Dirt_pipo.png
  artifactKey: Guid(b08de893eccb0964cb21bffb13c8b24f) Importer(815301076,1909f56bfc062723c751e8b465ee728b)
Start importing Assets/Pipoya RPG Tileset 32x32/SampleMap/[A]Dirt_pipo.png using Guid(b08de893eccb0964cb21bffb13c8b24f) Importer(815301076,1909f56bfc062723c751e8b465ee728b)  -> (artifact id: '98ac4fceb2521dcccf77fef3ac8ac3ef') in 0.006691 seconds
  Import took 0.010188 seconds .

========================================================================
Received Import Request.
  Time since last request: 0.000236 seconds.
  path: Assets/Pipoya RPG Tileset 32x32/SampleMap/[A]WaterFall_pipo.png
  artifactKey: Guid(b312fe96988dbfb4fb1d59e00131293b) Importer(815301076,1909f56bfc062723c751e8b465ee728b)
Start importing Assets/Pipoya RPG Tileset 32x32/SampleMap/[A]WaterFall_pipo.png using Guid(b312fe96988dbfb4fb1d59e00131293b) Importer(815301076,1909f56bfc062723c751e8b465ee728b)  -> (artifact id: 'd2dddd41c5f0013c755bcb701368e026') in 0.007072 seconds
  Import took 0.010451 seconds .

========================================================================
Received Import Request.
  Time since last request: 0.000807 seconds.
  path: Assets/Pipoya RPG Tileset 32x32/SampleMap/[Base]BaseChip_pipo.png
  artifactKey: Guid(dd9eb2cd28240d34d888690cf502de88) Importer(815301076,1909f56bfc062723c751e8b465ee728b)
Start importing Assets/Pipoya RPG Tileset 32x32/SampleMap/[Base]BaseChip_pipo.png using Guid(dd9eb2cd28240d34d888690cf502de88) Importer(815301076,1909f56bfc062723c751e8b465ee728b)  -> (artifact id: 'c7ffd34f039b2778cd954e9fa697df51') in 0.005700 seconds
  Import took 0.009990 seconds .

========================================================================
Received Import Request.
  Time since last request: 0.000700 seconds.
  path: Assets/Pipoya RPG Tileset 32x32/SampleMap/[A]Wall-Up_pipo.png
  artifactKey: Guid(0f1abcbd043268d4ab0740b3cf05786b) Importer(815301076,1909f56bfc062723c751e8b465ee728b)
Start importing Assets/Pipoya RPG Tileset 32x32/SampleMap/[A]Wall-Up_pipo.png using Guid(0f1abcbd043268d4ab0740b3cf05786b) Importer(815301076,1909f56bfc062723c751e8b465ee728b)  -> (artifact id: 'f1209aef483e73928b72fe93cb19ec02') in 0.007409 seconds
  Import took 0.010905 seconds .

========================================================================
Received Import Request.
  Time since last request: 0.000689 seconds.
  path: Assets/Pipoya RPG Tileset 32x32/SampleMap/[A]Water_pipo.png
  artifactKey: Guid(09a55aaa35724f0438f62558e5ae3061) Importer(815301076,1909f56bfc062723c751e8b465ee728b)
Start importing Assets/Pipoya RPG Tileset 32x32/SampleMap/[A]Water_pipo.png using Guid(09a55aaa35724f0438f62558e5ae3061) Importer(815301076,1909f56bfc062723c751e8b465ee728b)  -> (artifact id: '556e3ff7d57b833cdb7ce43cb54e9d0e') in 0.017587 seconds
  Import took 0.021219 seconds .

========================================================================
Received Import Request.
  Time since last request: 0.000719 seconds.
  path: Assets/Pipoya RPG Tileset 32x32/SampleMap/[A]Grass_pipo.png
  artifactKey: Guid(f00eca79a77f3a44c8512b83bec3578c) Importer(815301076,1909f56bfc062723c751e8b465ee728b)
Start importing Assets/Pipoya RPG Tileset 32x32/SampleMap/[A]Grass_pipo.png using Guid(f00eca79a77f3a44c8512b83bec3578c) Importer(815301076,1909f56bfc062723c751e8b465ee728b)  -> (artifact id: 'c9fbca5122fd07d7ca00a6098018c1a1') in 0.008373 seconds
  Import took 0.011901 seconds .

========================================================================
Received Import Request.
  Time since last request: 0.000684 seconds.
  path: Assets/Pipoya RPG Tileset 32x32/SampleMap/[A]Flower_pipo.png
  artifactKey: Guid(2a093e3e9ec1b274fac779f1c1e855af) Importer(815301076,1909f56bfc062723c751e8b465ee728b)
Start importing Assets/Pipoya RPG Tileset 32x32/SampleMap/[A]Flower_pipo.png using Guid(2a093e3e9ec1b274fac779f1c1e855af) Importer(815301076,1909f56bfc062723c751e8b465ee728b)  -> (artifact id: '0a6b404e61983a894f7df352c5241bf2') in 0.007047 seconds
  Import took 0.010532 seconds .

========================================================================
Received Import Request.
  Time since last request: 0.000691 seconds.
  path: Assets/Pipoya RPG Tileset 32x32/SampleMap/samplemap.png
  artifactKey: Guid(9f5f88f261956324ca82c73bcb49bf84) Importer(815301076,1909f56bfc062723c751e8b465ee728b)
Start importing Assets/Pipoya RPG Tileset 32x32/SampleMap/samplemap.png using Guid(9f5f88f261956324ca82c73bcb49bf84) Importer(815301076,1909f56bfc062723c751e8b465ee728b)  -> (artifact id: '3ad39731703d5fcbeb5aab4bcca5c7cd') in 0.011941 seconds
  Import took 0.015330 seconds .

========================================================================
Received Import Request.
  Time since last request: 0.000709 seconds.
  path: Assets/Pipoya RPG Tileset 32x32/SampleMap/LightShadow_pipo.png
  artifactKey: Guid(9cddf9b0d92050f4fb118f6c56ff757c) Importer(815301076,1909f56bfc062723c751e8b465ee728b)
Start importing Assets/Pipoya RPG Tileset 32x32/SampleMap/LightShadow_pipo.png using Guid(9cddf9b0d92050f4fb118f6c56ff757c) Importer(815301076,1909f56bfc062723c751e8b465ee728b)  -> (artifact id: 'b245f81ae7fd54789028e2e94523e04a') in 0.005359 seconds
  Import took 0.009059 seconds .

========================================================================
Received Import Request.
  Time since last request: 18.390293 seconds.
  path: Assets/Pipoya RPG Tileset 32x32/SampleMap/LightShadow_pipo.tsx
  artifactKey: Guid(ebe38f5a628c2f444802f9938bd7d7b6) Importer(815301076,1909f56bfc062723c751e8b465ee728b)
Start importing Assets/Pipoya RPG Tileset 32x32/SampleMap/LightShadow_pipo.tsx using Guid(ebe38f5a628c2f444802f9938bd7d7b6) Importer(815301076,1909f56bfc062723c751e8b465ee728b)  -> (artifact id: 'e06bdbe92126d8bc3acd8d2531857743') in 0.003159 seconds
  Import took 0.007401 seconds .

========================================================================
Received Prepare
Registering precompiled user dll's ...
Registered in 0.002143 seconds.
Begin MonoManager ReloadAssembly
Native extension for WindowsStandalone target not found
Refreshing native plugins compatible for Editor in 0.70 ms, found 0 plugins.
Preloading 0 native plugins for Editor in 0.00 ms.
Invoked RoslynAnalysisRunner static constructor.
RoslynAnalysisRunner will not be running.
RoslynAnalysisRunner has terminated.
Mono: successfully reloaded assembly
- Completed reload, in  0.709 seconds
Platform modules already initialized, skipping
Refreshing native plugins compatible for Editor in 0.67 ms, found 0 plugins.
Preloading 0 native plugins for Editor in 0.00 ms.
Unloading 1529 Unused Serialized files (Serialized files now loaded: 0)
System memory in use before: 81.5 MB.
System memory in use after: 81.6 MB.

Unloading 10 unused Assets to reduce memory usage. Loaded Objects now: 2386.
Total: 1.432500 ms (FindLiveObjects: 0.162500 ms CreateObjectMapping: 0.048700 ms MarkObjects: 1.208100 ms  DeleteObjects: 0.012700 ms)

========================================================================
Received Prepare
Registering precompiled user dll's ...
Registered in 0.001966 seconds.
Begin MonoManager ReloadAssembly
Native extension for WindowsStandalone target not found
Refreshing native plugins compatible for Editor in 0.77 ms, found 0 plugins.
Preloading 0 native plugins for Editor in 0.00 ms.
Invoked RoslynAnalysisRunner static constructor.
RoslynAnalysisRunner will not be running.
RoslynAnalysisRunner has terminated.
Mono: successfully reloaded assembly
- Completed reload, in  0.704 seconds
Platform modules already initialized, skipping
Refreshing native plugins compatible for Editor in 1.39 ms, found 0 plugins.
Preloading 0 native plugins for Editor in 0.00 ms.
Unloading 1529 Unused Serialized files (Serialized files now loaded: 0)
System memory in use before: 81.6 MB.
System memory in use after: 81.7 MB.

Unloading 10 unused Assets to reduce memory usage. Loaded Objects now: 2390.
Total: 1.648300 ms (FindLiveObjects: 0.227300 ms CreateObjectMapping: 0.061800 ms MarkObjects: 1.344300 ms  DeleteObjects: 0.013600 ms)

========================================================================
Received Prepare
Registering precompiled user dll's ...
Registered in 0.002732 seconds.
Begin MonoManager ReloadAssembly
Native extension for WindowsStandalone target not found
Refreshing native plugins compatible for Editor in 57.47 ms, found 0 plugins.
Preloading 0 native plugins for Editor in 0.00 ms.
Invoked RoslynAnalysisRunner static constructor.
RoslynAnalysisRunner will not be running.
RoslynAnalysisRunner has terminated.
Mono: successfully reloaded assembly
- Completed reload, in  0.801 seconds
Platform modules already initialized, skipping
Refreshing native plugins compatible for Editor in 0.85 ms, found 0 plugins.
Preloading 0 native plugins for Editor in 0.00 ms.
Unloading 2327 Unused Serialized files (Serialized files now loaded: 0)
System memory in use before: 104.0 MB.
System memory in use after: 104.0 MB.

Unloading 17 unused Assets to reduce memory usage. Loaded Objects now: 3184.
Total: 2.160600 ms (FindLiveObjects: 0.275100 ms CreateObjectMapping: 0.136600 ms MarkObjects: 1.608100 ms  DeleteObjects: 0.139800 ms)

========================================================================
Received Prepare
Registering precompiled user dll's ...
Registered in 0.171939 seconds.
Begin MonoManager ReloadAssembly
Native extension for WindowsStandalone target not found
Refreshing native plugins compatible for Editor in 0.77 ms, found 0 plugins.
Preloading 0 native plugins for Editor in 0.00 ms.
Invoked RoslynAnalysisRunner static constructor.
RoslynAnalysisRunner will not be running.
RoslynAnalysisRunner has terminated.
Mono: successfully reloaded assembly
- Completed reload, in  0.746 seconds
Platform modules already initialized, skipping
Shader 'Universal Render Pipeline/Nature/SpeedTree7': dependency 'BillboardShader' shader 'Universal Render Pipeline/Nature/SpeedTree7 Billboard' not found
Shader 'Universal Render Pipeline/Baked Lit': fallback shader 'Universal Render Pipeline/Unlit' not found
Shader 'Universal Render Pipeline/Simple Lit': fallback shader 'Hidden/Universal Render Pipeline/FallbackError' not found
Shader 'Universal Render Pipeline/Terrain/Lit': fallback shader 'Hidden/Universal Render Pipeline/FallbackError' not found
Shader 'Universal Render Pipeline/Terrain/Lit': dependency 'AddPassShader' shader 'Hidden/Universal Render Pipeline/Terrain/Lit (Add Pass)' not found
Shader 'Universal Render Pipeline/Terrain/Lit': dependency 'BaseMapShader' shader 'Hidden/Universal Render Pipeline/Terrain/Lit (Base Pass)' not found
Shader 'Universal Render Pipeline/Terrain/Lit': dependency 'BaseMapGenShader' shader 'Hidden/Universal Render Pipeline/Terrain/Lit (Basemap Gen)' not found
Shader 'Hidden/Universal Render Pipeline/Terrain/Lit (Base Pass)': fallback shader 'Hidden/Universal Render Pipeline/FallbackError' not found
Shader 'Hidden/Universal Render Pipeline/Terrain/Lit (Add Pass)': fallback shader 'Hidden/Universal Render Pipeline/FallbackError' not found
Shader 'Universal Render Pipeline/Particles/Lit': fallback shader 'Universal Render Pipeline/Particles/SimpleLit' not found
Shader 'Universal Render Pipeline/Particles/Lit': fallback shader 'Universal Render Pipeline/Particles/SimpleLit' not found
Refreshing native plugins compatible for Editor in 0.91 ms, found 0 plugins.
Preloading 0 native plugins for Editor in 0.00 ms.
Unloading 2782 Unused Serialized files (Serialized files now loaded: 0)
System memory in use before: 130.3 MB.
System memory in use after: 126.9 MB.

Unloading 67 unused Assets to reduce memory usage. Loaded Objects now: 3592.
Total: 3.777400 ms (FindLiveObjects: 0.364200 ms CreateObjectMapping: 0.176100 ms MarkObjects: 1.695700 ms  DeleteObjects: 1.540100 ms)

========================================================================
Received Prepare
Registering precompiled user dll's ...
Registered in 0.002821 seconds.
Begin MonoManager ReloadAssembly
Native extension for WindowsStandalone target not found
Refreshing native plugins compatible for Editor in 0.78 ms, found 0 plugins.
Preloading 0 native plugins for Editor in 0.00 ms.
Invoked RoslynAnalysisRunner static constructor.
RoslynAnalysisRunner will not be running.
RoslynAnalysisRunner has terminated.
Mono: successfully reloaded assembly
- Completed reload, in  0.766 seconds
Platform modules already initialized, skipping
Shader 'Universal Render Pipeline/Particles/Lit': fallback shader 'Universal Render Pipeline/Particles/SimpleLit' not found
Shader 'Universal Render Pipeline/Particles/Lit': fallback shader 'Universal Render Pipeline/Particles/SimpleLit' not found
Refreshing native plugins compatible for Editor in 0.88 ms, found 0 plugins.
Preloading 0 native plugins for Editor in 0.00 ms.
Unloading 2782 Unused Serialized files (Serialized files now loaded: 0)
System memory in use before: 130.3 MB.
System memory in use after: 126.9 MB.

Unloading 67 unused Assets to reduce memory usage. Loaded Objects now: 3595.
Total: 3.469900 ms (FindLiveObjects: 0.298400 ms CreateObjectMapping: 0.125600 ms MarkObjects: 1.428000 ms  DeleteObjects: 1.617200 ms)

========================================================================
Received Import Request.
  Time since last request: 1732.728282 seconds.
  path: Assets/HeroEditor4D/FantasyHeroes/Fonts/DURALITH (Free).TTF
  artifactKey: Guid(5a010335f7d346cdbc39727ed418bb34) Importer(815301076,1909f56bfc062723c751e8b465ee728b)
Start importing Assets/HeroEditor4D/FantasyHeroes/Fonts/DURALITH (Free).TTF using Guid(5a010335f7d346cdbc39727ed418bb34) Importer(815301076,1909f56bfc062723c751e8b465ee728b)  -> (artifact id: '68965d40517f91a2d996c4d2ea6b30ed') in 0.062713 seconds
  Import took 0.069742 seconds .

========================================================================
Received Import Request.
  Time since last request: 0.000739 seconds.
  path: Assets/uipack-space/Fonts/kenvector_future.ttf
  artifactKey: Guid(d8fd84ba456d54e4a8a4fc4fc2b8d9fc) Importer(815301076,1909f56bfc062723c751e8b465ee728b)
Start importing Assets/uipack-space/Fonts/kenvector_future.ttf using Guid(d8fd84ba456d54e4a8a4fc4fc2b8d9fc) Importer(815301076,1909f56bfc062723c751e8b465ee728b)  -> (artifact id: '2a883fd0a9dd6a30135ef81c368360ec') in 0.009085 seconds
  Import took 0.016020 seconds .

========================================================================
Received Import Request.
  Time since last request: 0.002341 seconds.
  path: Assets/uipack-space/Fonts/kenvector_future_thin.ttf
  artifactKey: Guid(9ec4d0a672b7c7f48a4ea7ad97f90a7d) Importer(815301076,1909f56bfc062723c751e8b465ee728b)
Start importing Assets/uipack-space/Fonts/kenvector_future_thin.ttf using Guid(9ec4d0a672b7c7f48a4ea7ad97f90a7d) Importer(815301076,1909f56bfc062723c751e8b465ee728b)  -> (artifact id: 'aca79f141c8f671238f971a6c60954e7') in 0.006299 seconds
  Import took 0.012566 seconds .

========================================================================
Received Import Request.
  Time since last request: 0.000264 seconds.
  path: Assets/HeroEditor4D/FantasyHeroes/Fonts/DURALITH (Free).TTF
  artifactKey: Guid(5a010335f7d346cdbc39727ed418bb34) Importer(815301076,1909f56bfc062723c751e8b465ee728b)
Start importing Assets/HeroEditor4D/FantasyHeroes/Fonts/DURALITH (Free).TTF using Guid(5a010335f7d346cdbc39727ed418bb34) Importer(815301076,1909f56bfc062723c751e8b465ee728b)  -> (artifact id: '68965d40517f91a2d996c4d2ea6b30ed') in 0.006360 seconds
  Import took 0.011169 seconds .

========================================================================
Received Import Request.
  Time since last request: 0.000279 seconds.
  path: Assets/HeroEditor4D/FantasyInventory/Fonts/DURALITH (Free).TTF
  artifactKey: Guid(ef4560002f773a24caacdf8d5bf9afa0) Importer(815301076,1909f56bfc062723c751e8b465ee728b)
Start importing Assets/HeroEditor4D/FantasyInventory/Fonts/DURALITH (Free).TTF using Guid(ef4560002f773a24caacdf8d5bf9afa0) Importer(815301076,1909f56bfc062723c751e8b465ee728b)  -> (artifact id: '84d754b2be13a587c4b0dc17aafb0cbc') in 0.006561 seconds
  Import took 0.011703 seconds .

========================================================================
Received Import Request.
  Time since last request: 11527.452456 seconds.
  path: Assets
  artifactKey: Guid(00000000000000001000000000000000) Importer(815301076,1909f56bfc062723c751e8b465ee728b)
Start importing Assets using Guid(00000000000000001000000000000000) Importer(815301076,1909f56bfc062723c751e8b465ee728b)  -> (artifact id: '42baae205c97e3337697759514652acd') in 0.006307 seconds
  Import took 0.059446 seconds .

========================================================================
Received Import Request.
  Time since last request: 4.286452 seconds.
  path: Assets/Editor
  artifactKey: Guid(f7999a08d0a970446935e17964086320) Importer(815301076,1909f56bfc062723c751e8b465ee728b)
Start importing Assets/Editor using Guid(f7999a08d0a970446935e17964086320) Importer(815301076,1909f56bfc062723c751e8b465ee728b)  -> (artifact id: '8ff9a3856c8bb40b758d426fe3da965e') in 0.001708 seconds
  Import took 0.006799 seconds .

========================================================================
Received Import Request.
  Time since last request: 28.512596 seconds.
  path: Assets/Editor/LayerHider.cs
  artifactKey: Guid(ac09649f288368142993b8352d45b675) Importer(815301076,1909f56bfc062723c751e8b465ee728b)
Start importing Assets/Editor/LayerHider.cs using Guid(ac09649f288368142993b8352d45b675) Importer(815301076,1909f56bfc062723c751e8b465ee728b)  -> (artifact id: 'd2c8219d939f84a40762c6651fa6fe32') in 0.020762 seconds
  Import took 0.026205 seconds .

========================================================================
Received Prepare
Registering precompiled user dll's ...
Registered in 0.002764 seconds.
Begin MonoManager ReloadAssembly
Native extension for WindowsStandalone target not found
Refreshing native plugins compatible for Editor in 0.84 ms, found 0 plugins.
Preloading 0 native plugins for Editor in 0.00 ms.
Invoked RoslynAnalysisRunner static constructor.
RoslynAnalysisRunner will not be running.
RoslynAnalysisRunner has terminated.
Mono: successfully reloaded assembly
- Completed reload, in  0.877 seconds
Platform modules already initialized, skipping
Shader 'Universal Render Pipeline/Particles/Lit': fallback shader 'Universal Render Pipeline/Particles/SimpleLit' not found
Shader 'Universal Render Pipeline/Particles/Lit': fallback shader 'Universal Render Pipeline/Particles/SimpleLit' not found
Refreshing native plugins compatible for Editor in 0.79 ms, found 0 plugins.
Preloading 0 native plugins for Editor in 0.00 ms.
Unloading 2796 Unused Serialized files (Serialized files now loaded: 0)
System memory in use before: 132.2 MB.
System memory in use after: 128.1 MB.

Unloading 80 unused Assets to reduce memory usage. Loaded Objects now: 3604.
Total: 4.359200 ms (FindLiveObjects: 0.306000 ms CreateObjectMapping: 0.129800 ms MarkObjects: 1.814600 ms  DeleteObjects: 2.107900 ms)

========================================================================
Received Prepare
Registering precompiled user dll's ...
Registered in 0.002302 seconds.
Begin MonoManager ReloadAssembly
Native extension for WindowsStandalone target not found
Refreshing native plugins compatible for Editor in 1.15 ms, found 0 plugins.
Preloading 0 native plugins for Editor in 0.00 ms.
Invoked RoslynAnalysisRunner static constructor.
RoslynAnalysisRunner will not be running.
RoslynAnalysisRunner has terminated.
Mono: successfully reloaded assembly
- Completed reload, in  0.755 seconds
Platform modules already initialized, skipping
Shader 'Universal Render Pipeline/Particles/Lit': fallback shader 'Universal Render Pipeline/Particles/SimpleLit' not found
Shader 'Universal Render Pipeline/Particles/Lit': fallback shader 'Universal Render Pipeline/Particles/SimpleLit' not found
Refreshing native plugins compatible for Editor in 0.85 ms, found 0 plugins.
Preloading 0 native plugins for Editor in 0.00 ms.
Unloading 2796 Unused Serialized files (Serialized files now loaded: 0)
System memory in use before: 132.2 MB.
System memory in use after: 128.1 MB.

Unloading 80 unused Assets to reduce memory usage. Loaded Objects now: 3607.
Total: 3.855500 ms (FindLiveObjects: 0.325200 ms CreateObjectMapping: 0.148600 ms MarkObjects: 1.446900 ms  DeleteObjects: 1.933700 ms)

========================================================================
Received Prepare
Registering precompiled user dll's ...
Registered in 0.002555 seconds.
Begin MonoManager ReloadAssembly
Native extension for WindowsStandalone target not found
Refreshing native plugins compatible for Editor in 0.93 ms, found 0 plugins.
Preloading 0 native plugins for Editor in 0.00 ms.
Invoked RoslynAnalysisRunner static constructor.
RoslynAnalysisRunner will not be running.
RoslynAnalysisRunner has terminated.
Mono: successfully reloaded assembly
- Completed reload, in  0.774 seconds
Platform modules already initialized, skipping
Shader 'Universal Render Pipeline/Particles/Lit': fallback shader 'Universal Render Pipeline/Particles/SimpleLit' not found
Shader 'Universal Render Pipeline/Particles/Lit': fallback shader 'Universal Render Pipeline/Particles/SimpleLit' not found
Refreshing native plugins compatible for Editor in 0.80 ms, found 0 plugins.
Preloading 0 native plugins for Editor in 0.00 ms.
Unloading 2797 Unused Serialized files (Serialized files now loaded: 0)
System memory in use before: 132.2 MB.
System memory in use after: 128.2 MB.

Unloading 80 unused Assets to reduce memory usage. Loaded Objects now: 3611.
Total: 4.414700 ms (FindLiveObjects: 0.333900 ms CreateObjectMapping: 0.195800 ms MarkObjects: 1.775100 ms  DeleteObjects: 2.108600 ms)

AssetImportWorkerClient::OnTransportError - code=2 error=End of file
